<?xml version="1.0" encoding="UTF-8"?>
<!-- Generated by org.testng.reporters.JUnitReportReporter -->
<testsuite hostname="DESKTOP-IDH9V1V" failures="0" tests="1" name="practise.ListenerImple" time="0.027" errors="0" timestamp="2023-08-31T16:11:04 IST" skipped="0">
  <testcase classname="practise.ListenerImple" name="demo" time="0.027"/>
</testsuite> <!-- practise.ListenerImple -->
