<?xml version="1.0" encoding="UTF-8"?>
<!-- Generated by org.testng.reporters.JUnitReportReporter -->
<testsuite hostname="DESKTOP-IDH9V1V" failures="0" tests="1" name="practise.RetryAnalyserPractise" time="0.026" errors="0" timestamp="2023-09-05T14:21:48 IST" skipped="0">
  <testcase classname="practise.RetryAnalyserPractise" name="sample" time="0.026"/>
</testsuite> <!-- practise.RetryAnalyserPractise -->
