<?xml version="1.0" encoding="UTF-8"?>
<!-- Generated by org.testng.reporters.JUnitReportReporter -->
<testsuite hostname="DESKTOP-IDH9V1V" failures="0" tests="6" name="practise.DataProviderPractise" time="0.027" errors="0" timestamp="2023-08-23T14:32:13 IST" skipped="0">
  <testcase classname="practise.DataProviderPractise" name="addProductToCart" time="0.004"/>
  <testcase classname="practise.DataProviderPractise" name="addProductToCart" time="0.002"/>
  <testcase classname="practise.DataProviderPractise" name="addDataInfo" time="0.003"/>
  <testcase classname="practise.DataProviderPractise" name="addProductToCart" time="0.002"/>
  <testcase classname="practise.DataProviderPractise" name="addDataInfo" time="0.015"/>
  <testcase classname="practise.DataProviderPractise" name="addProductToCart" time="0.001"/>
</testsuite> <!-- practise.DataProviderPractise -->
