<?xml version="1.0" encoding="UTF-8"?>
<!-- Generated by org.testng.reporters.JUnitReportReporter -->
<testsuite hostname="DESKTOP-IDH9V1V" failures="0" tests="1" name="practise.ReadDataFromCmdLine" time="0.016" errors="0" timestamp="2023-09-11T14:47:20 IST" skipped="0">
  <testcase classname="practise.ReadDataFromCmdLine" name="readDataFromCmdLine" time="0.016"/>
</testsuite> <!-- practise.ReadDataFromCmdLine -->
