<?xml version="1.0" encoding="UTF-8"?>
<!-- Generated by org.testng.reporters.JUnitReportReporter -->
<testsuite hostname="DESKTOP-IDH9V1V" failures="0" tests="5" name="organization.CreateMultipleOrganizationWithIndustry" time="128.512" errors="0" timestamp="2023-08-23T16:52:57 IST" skipped="0">
  <testcase classname="organization.CreateMultipleOrganizationWithIndustry" name="createMultipleOrg" time="27.182"/>
  <testcase classname="organization.CreateMultipleOrganizationWithIndustry" name="createMultipleOrg" time="25.208"/>
  <testcase classname="organization.CreateMultipleOrganizationWithIndustry" name="createMultipleOrg" time="25.255"/>
  <testcase classname="organization.CreateMultipleOrganizationWithIndustry" name="createMultipleOrg" time="25.210"/>
  <testcase classname="organization.CreateMultipleOrganizationWithIndustry" name="createMultipleOrg" time="25.657"/>
</testsuite> <!-- organization.CreateMultipleOrganizationWithIndustry -->
